<?xml version="1.0" encoding="UTF-8"?>
<testng-results ignored="0" total="1" passed="1" failed="0" skipped="0">
  <reporter-output>
  </reporter-output>
  <suite started-at="2024-01-19T13:06:54 IST" name="Default suite" finished-at="2024-01-19T13:07:02 IST" duration-ms="8273">
    <groups>
    </groups>
    <test started-at="2024-01-19T13:06:54 IST" name="Default test" finished-at="2024-01-19T13:07:02 IST" duration-ms="8273">
      <class name="DriverScrpit">
        <test-method signature="login()[pri:0, instance:DriverScrpit@35e2d654]" started-at="2024-01-19T13:06:54 IST" name="login" finished-at="2024-01-19T13:07:02 IST" duration-ms="8229" status="PASS">
          <reporter-output>
          </reporter-output>
        </test-method> <!-- login -->
      </class> <!-- DriverScrpit -->
    </test> <!-- Default test -->
  </suite> <!-- Default suite -->
</testng-results>
